[2017-08-21 12:11:34.085] [ERROR] error - TypeError: this.app.toJSON is not a function
    at Object.toJSON (/Users/yeliex/Projects/companyProjects/arsenic/node_modules/koa/lib/context.js:47:21)
    at Object.inspect (/Users/yeliex/Projects/companyProjects/arsenic/node_modules/koa/lib/context.js:28:17)
    at formatValue (util.js:372:36)
    at formatProperty (util.js:842:15)
    at util.js:676:12
    at Array.map (<anonymous>)
    at formatObject (util.js:675:15)
    at formatValue (util.js:617:16)
    at formatProperty (util.js:842:15)
    at util.js:676:12
    at Array.map (<anonymous>)
    at formatObject (util.js:675:15)
    at formatValue (util.js:617:16)
    at formatProperty (util.js:842:15)
    at util.js:676:12
    at Array.map (<anonymous>)
[2017-08-21 12:12:09.779] [ERROR] error - TypeError: this.app.toJSON is not a function
    at Object.toJSON (/Users/yeliex/Projects/companyProjects/arsenic/node_modules/koa/lib/context.js:47:21)
    at Object.inspect (/Users/yeliex/Projects/companyProjects/arsenic/node_modules/koa/lib/context.js:28:17)
    at formatValue (util.js:372:36)
    at formatProperty (util.js:842:15)
    at util.js:676:12
    at Array.map (<anonymous>)
    at formatObject (util.js:675:15)
    at formatValue (util.js:617:16)
    at formatProperty (util.js:842:15)
    at util.js:676:12
    at Array.map (<anonymous>)
    at formatObject (util.js:675:15)
    at formatValue (util.js:617:16)
    at formatProperty (util.js:842:15)
    at util.js:676:12
    at Array.map (<anonymous>)
[2017-08-21 12:13:12.271] [ERROR] error - TypeError: this.app.toJSON is not a function
    at Object.toJSON (/Users/yeliex/Projects/companyProjects/arsenic/node_modules/koa/lib/context.js:47:21)
    at Object.inspect (/Users/yeliex/Projects/companyProjects/arsenic/node_modules/koa/lib/context.js:28:17)
    at formatValue (util.js:372:36)
    at formatProperty (util.js:842:15)
    at util.js:676:12
    at Array.map (<anonymous>)
    at formatObject (util.js:675:15)
    at formatValue (util.js:617:16)
    at formatProperty (util.js:842:15)
    at util.js:676:12
    at Array.map (<anonymous>)
    at formatObject (util.js:675:15)
    at formatValue (util.js:617:16)
    at formatProperty (util.js:842:15)
    at util.js:676:12
    at Array.map (<anonymous>)
[2017-08-21 12:13:33.615] [ERROR] error - TypeError: this.app.toJSON is not a function
    at Object.toJSON (/Users/yeliex/Projects/companyProjects/arsenic/node_modules/koa/lib/context.js:47:21)
    at Object.inspect (/Users/yeliex/Projects/companyProjects/arsenic/node_modules/koa/lib/context.js:28:17)
    at formatValue (util.js:372:36)
    at formatProperty (util.js:842:15)
    at util.js:676:12
    at Array.map (<anonymous>)
    at formatObject (util.js:675:15)
    at formatValue (util.js:617:16)
    at formatProperty (util.js:842:15)
    at util.js:676:12
    at Array.map (<anonymous>)
    at formatObject (util.js:675:15)
    at formatValue (util.js:617:16)
    at formatProperty (util.js:842:15)
    at util.js:676:12
    at Array.map (<anonymous>)
[2017-08-21 12:13:56.833] [ERROR] error - TypeError: this.app.toJSON is not a function
    at Object.toJSON (/Users/yeliex/Projects/companyProjects/arsenic/node_modules/koa/lib/context.js:47:21)
    at Object.inspect (/Users/yeliex/Projects/companyProjects/arsenic/node_modules/koa/lib/context.js:28:17)
    at formatValue (util.js:372:36)
    at formatProperty (util.js:842:15)
    at util.js:676:12
    at Array.map (<anonymous>)
    at formatObject (util.js:675:15)
    at formatValue (util.js:617:16)
    at formatProperty (util.js:842:15)
    at util.js:676:12
    at Array.map (<anonymous>)
    at formatObject (util.js:675:15)
    at formatValue (util.js:617:16)
    at formatProperty (util.js:842:15)
    at util.js:676:12
    at Array.map (<anonymous>)
[2017-08-21 12:14:17.055] [ERROR] error - TypeError: this.app.toJSON is not a function
    at Object.toJSON (/Users/yeliex/Projects/companyProjects/arsenic/node_modules/koa/lib/context.js:47:21)
    at Object.inspect (/Users/yeliex/Projects/companyProjects/arsenic/node_modules/koa/lib/context.js:28:17)
    at formatValue (util.js:372:36)
    at formatProperty (util.js:842:15)
    at util.js:676:12
    at Array.map (<anonymous>)
    at formatObject (util.js:675:15)
    at formatValue (util.js:617:16)
    at formatProperty (util.js:842:15)
    at util.js:676:12
    at Array.map (<anonymous>)
    at formatObject (util.js:675:15)
    at formatValue (util.js:617:16)
    at formatProperty (util.js:842:15)
    at util.js:676:12
    at Array.map (<anonymous>)
[2017-08-21 12:14:53.367] [ERROR] error - TypeError: this.app.toJSON is not a function
    at Object.toJSON (/Users/yeliex/Projects/companyProjects/arsenic/node_modules/koa/lib/context.js:47:21)
    at Object.inspect (/Users/yeliex/Projects/companyProjects/arsenic/node_modules/koa/lib/context.js:28:17)
    at formatValue (util.js:372:36)
    at formatProperty (util.js:842:15)
    at util.js:676:12
    at Array.map (<anonymous>)
    at formatObject (util.js:675:15)
    at formatValue (util.js:617:16)
    at formatProperty (util.js:842:15)
    at util.js:676:12
    at Array.map (<anonymous>)
    at formatObject (util.js:675:15)
    at formatValue (util.js:617:16)
    at formatProperty (util.js:842:15)
    at util.js:676:12
    at Array.map (<anonymous>)
[2017-08-21 12:23:31.028] [ERROR] error - TypeError: ctx.controller.user.b is not a function
    at router.get.ctx (/Users/yeliex/Projects/companyProjects/arsenic/example/router/user.js:8:45)
    at dispatch (/Users/yeliex/Projects/companyProjects/arsenic/node_modules/koa-router/node_modules/koa-compose/index.js:44:32)
    at next (/Users/yeliex/Projects/companyProjects/arsenic/node_modules/koa-router/node_modules/koa-compose/index.js:45:18)
    at /Users/yeliex/Projects/companyProjects/arsenic/node_modules/koa-router/lib/router.js:345:16
    at dispatch (/Users/yeliex/Projects/companyProjects/arsenic/node_modules/koa-router/node_modules/koa-compose/index.js:44:32)
    at /Users/yeliex/Projects/companyProjects/arsenic/node_modules/koa-router/node_modules/koa-compose/index.js:36:12
    at dispatch (/Users/yeliex/Projects/companyProjects/arsenic/node_modules/koa-router/lib/router.js:350:31)
    at /Users/yeliex/Projects/companyProjects/arsenic/node_modules/koa-mount/index.js:58:11
    at dispatch (/Users/yeliex/Projects/companyProjects/arsenic/node_modules/koa-compose/index.js:42:32)
    at next (/Users/yeliex/Projects/companyProjects/arsenic/node_modules/koa-compose/index.js:43:18)
    at middleware (/Users/yeliex/Projects/companyProjects/arsenic/src/plugins/controller/index.js:63:11)
    at dispatch (/Users/yeliex/Projects/companyProjects/arsenic/node_modules/koa-compose/index.js:42:32)
    at next (/Users/yeliex/Projects/companyProjects/arsenic/node_modules/koa-compose/index.js:43:18)
    at middleware (/Users/yeliex/Projects/companyProjects/arsenic/src/plugins/service/index.js:46:11)
    at dispatch (/Users/yeliex/Projects/companyProjects/arsenic/node_modules/koa-compose/index.js:42:32)
    at next (/Users/yeliex/Projects/companyProjects/arsenic/node_modules/koa-compose/index.js:43:18)
[2017-08-21 12:24:44.634] [ERROR] error - TypeError: ctx.controller.user.b is not a function
    at router.get (/Users/yeliex/Projects/companyProjects/arsenic/example/router/user.js:10:29)
    at dispatch (/Users/yeliex/Projects/companyProjects/arsenic/node_modules/koa-router/node_modules/koa-compose/index.js:44:32)
    at next (/Users/yeliex/Projects/companyProjects/arsenic/node_modules/koa-router/node_modules/koa-compose/index.js:45:18)
    at /Users/yeliex/Projects/companyProjects/arsenic/node_modules/koa-router/lib/router.js:345:16
    at dispatch (/Users/yeliex/Projects/companyProjects/arsenic/node_modules/koa-router/node_modules/koa-compose/index.js:44:32)
    at /Users/yeliex/Projects/companyProjects/arsenic/node_modules/koa-router/node_modules/koa-compose/index.js:36:12
    at dispatch (/Users/yeliex/Projects/companyProjects/arsenic/node_modules/koa-router/lib/router.js:350:31)
    at /Users/yeliex/Projects/companyProjects/arsenic/node_modules/koa-mount/index.js:58:11
    at dispatch (/Users/yeliex/Projects/companyProjects/arsenic/node_modules/koa-compose/index.js:42:32)
    at next (/Users/yeliex/Projects/companyProjects/arsenic/node_modules/koa-compose/index.js:43:18)
    at middleware (/Users/yeliex/Projects/companyProjects/arsenic/src/plugins/controller/index.js:62:11)
    at dispatch (/Users/yeliex/Projects/companyProjects/arsenic/node_modules/koa-compose/index.js:42:32)
    at next (/Users/yeliex/Projects/companyProjects/arsenic/node_modules/koa-compose/index.js:43:18)
    at middleware (/Users/yeliex/Projects/companyProjects/arsenic/src/plugins/service/index.js:46:11)
    at dispatch (/Users/yeliex/Projects/companyProjects/arsenic/node_modules/koa-compose/index.js:42:32)
    at next (/Users/yeliex/Projects/companyProjects/arsenic/node_modules/koa-compose/index.js:43:18)
[2017-08-21 12:25:00.585] [ERROR] error - TypeError: ctx.controller.user.b is not a function
    at router.get (/Users/yeliex/Projects/companyProjects/arsenic/example/router/user.js:10:29)
    at dispatch (/Users/yeliex/Projects/companyProjects/arsenic/node_modules/koa-router/node_modules/koa-compose/index.js:44:32)
    at next (/Users/yeliex/Projects/companyProjects/arsenic/node_modules/koa-router/node_modules/koa-compose/index.js:45:18)
    at /Users/yeliex/Projects/companyProjects/arsenic/node_modules/koa-router/lib/router.js:345:16
    at dispatch (/Users/yeliex/Projects/companyProjects/arsenic/node_modules/koa-router/node_modules/koa-compose/index.js:44:32)
    at /Users/yeliex/Projects/companyProjects/arsenic/node_modules/koa-router/node_modules/koa-compose/index.js:36:12
    at dispatch (/Users/yeliex/Projects/companyProjects/arsenic/node_modules/koa-router/lib/router.js:350:31)
    at /Users/yeliex/Projects/companyProjects/arsenic/node_modules/koa-mount/index.js:58:11
    at dispatch (/Users/yeliex/Projects/companyProjects/arsenic/node_modules/koa-compose/index.js:42:32)
    at next (/Users/yeliex/Projects/companyProjects/arsenic/node_modules/koa-compose/index.js:43:18)
    at middleware (/Users/yeliex/Projects/companyProjects/arsenic/src/plugins/controller/index.js:62:11)
    at dispatch (/Users/yeliex/Projects/companyProjects/arsenic/node_modules/koa-compose/index.js:42:32)
    at next (/Users/yeliex/Projects/companyProjects/arsenic/node_modules/koa-compose/index.js:43:18)
    at middleware (/Users/yeliex/Projects/companyProjects/arsenic/src/plugins/service/index.js:46:11)
    at dispatch (/Users/yeliex/Projects/companyProjects/arsenic/node_modules/koa-compose/index.js:42:32)
    at next (/Users/yeliex/Projects/companyProjects/arsenic/node_modules/koa-compose/index.js:43:18)
[2017-08-21 12:28:36.635] [ERROR] error - ReferenceError: k is not defined
    at Object.defineProperties.Object.keys.filter.reduce (/Users/yeliex/Projects/companyProjects/arsenic/src/plugins/controller/index.js:49:13)
    at Array.reduce (<anonymous>)
    at recursionInit (/Users/yeliex/Projects/companyProjects/arsenic/src/plugins/controller/index.js:48:80)
    at middleware (/Users/yeliex/Projects/companyProjects/arsenic/src/plugins/controller/index.js:56:22)
    at dispatch (/Users/yeliex/Projects/companyProjects/arsenic/node_modules/koa-compose/index.js:42:32)
    at next (/Users/yeliex/Projects/companyProjects/arsenic/node_modules/koa-compose/index.js:43:18)
    at middleware (/Users/yeliex/Projects/companyProjects/arsenic/src/plugins/service/index.js:46:11)
    at dispatch (/Users/yeliex/Projects/companyProjects/arsenic/node_modules/koa-compose/index.js:42:32)
    at next (/Users/yeliex/Projects/companyProjects/arsenic/node_modules/koa-compose/index.js:43:18)
    at /Users/yeliex/Projects/companyProjects/arsenic/src/middlewares/fetch/index.js:30:9
    at dispatch (/Users/yeliex/Projects/companyProjects/arsenic/node_modules/koa-compose/index.js:42:32)
    at next (/Users/yeliex/Projects/companyProjects/arsenic/node_modules/koa-compose/index.js:43:18)
    at /Users/yeliex/Projects/companyProjects/arsenic/src/middlewares/headers/index.js:43:9
    at dispatch (/Users/yeliex/Projects/companyProjects/arsenic/node_modules/koa-compose/index.js:42:32)
    at next (/Users/yeliex/Projects/companyProjects/arsenic/node_modules/koa-compose/index.js:43:18)
    at dispatch (/Users/yeliex/Projects/companyProjects/arsenic/node_modules/koa-compose/index.js:42:32)
[2017-08-21 12:28:51.726] [ERROR] error - TypeError: Cannot read property 'b' of undefined
    at router.get (/Users/yeliex/Projects/companyProjects/arsenic/example/router/user.js:10:28)
    at dispatch (/Users/yeliex/Projects/companyProjects/arsenic/node_modules/koa-router/node_modules/koa-compose/index.js:44:32)
    at next (/Users/yeliex/Projects/companyProjects/arsenic/node_modules/koa-router/node_modules/koa-compose/index.js:45:18)
    at /Users/yeliex/Projects/companyProjects/arsenic/node_modules/koa-router/lib/router.js:345:16
    at dispatch (/Users/yeliex/Projects/companyProjects/arsenic/node_modules/koa-router/node_modules/koa-compose/index.js:44:32)
    at /Users/yeliex/Projects/companyProjects/arsenic/node_modules/koa-router/node_modules/koa-compose/index.js:36:12
    at dispatch (/Users/yeliex/Projects/companyProjects/arsenic/node_modules/koa-router/lib/router.js:350:31)
    at /Users/yeliex/Projects/companyProjects/arsenic/node_modules/koa-mount/index.js:58:11
    at dispatch (/Users/yeliex/Projects/companyProjects/arsenic/node_modules/koa-compose/index.js:42:32)
    at next (/Users/yeliex/Projects/companyProjects/arsenic/node_modules/koa-compose/index.js:43:18)
    at middleware (/Users/yeliex/Projects/companyProjects/arsenic/src/plugins/controller/index.js:59:11)
    at dispatch (/Users/yeliex/Projects/companyProjects/arsenic/node_modules/koa-compose/index.js:42:32)
    at next (/Users/yeliex/Projects/companyProjects/arsenic/node_modules/koa-compose/index.js:43:18)
    at middleware (/Users/yeliex/Projects/companyProjects/arsenic/src/plugins/service/index.js:46:11)
    at dispatch (/Users/yeliex/Projects/companyProjects/arsenic/node_modules/koa-compose/index.js:42:32)
    at next (/Users/yeliex/Projects/companyProjects/arsenic/node_modules/koa-compose/index.js:43:18)
[2017-08-21 12:29:06.728] [ERROR] error - TypeError: Cannot read property 'b' of undefined
    at router.get (/Users/yeliex/Projects/companyProjects/arsenic/example/router/user.js:10:28)
    at dispatch (/Users/yeliex/Projects/companyProjects/arsenic/node_modules/koa-router/node_modules/koa-compose/index.js:44:32)
    at next (/Users/yeliex/Projects/companyProjects/arsenic/node_modules/koa-router/node_modules/koa-compose/index.js:45:18)
    at /Users/yeliex/Projects/companyProjects/arsenic/node_modules/koa-router/lib/router.js:345:16
    at dispatch (/Users/yeliex/Projects/companyProjects/arsenic/node_modules/koa-router/node_modules/koa-compose/index.js:44:32)
    at /Users/yeliex/Projects/companyProjects/arsenic/node_modules/koa-router/node_modules/koa-compose/index.js:36:12
    at dispatch (/Users/yeliex/Projects/companyProjects/arsenic/node_modules/koa-router/lib/router.js:350:31)
    at /Users/yeliex/Projects/companyProjects/arsenic/node_modules/koa-mount/index.js:58:11
    at dispatch (/Users/yeliex/Projects/companyProjects/arsenic/node_modules/koa-compose/index.js:42:32)
    at next (/Users/yeliex/Projects/companyProjects/arsenic/node_modules/koa-compose/index.js:43:18)
    at middleware (/Users/yeliex/Projects/companyProjects/arsenic/src/plugins/controller/index.js:59:11)
    at dispatch (/Users/yeliex/Projects/companyProjects/arsenic/node_modules/koa-compose/index.js:42:32)
    at next (/Users/yeliex/Projects/companyProjects/arsenic/node_modules/koa-compose/index.js:43:18)
    at middleware (/Users/yeliex/Projects/companyProjects/arsenic/src/plugins/service/index.js:46:11)
    at dispatch (/Users/yeliex/Projects/companyProjects/arsenic/node_modules/koa-compose/index.js:42:32)
    at next (/Users/yeliex/Projects/companyProjects/arsenic/node_modules/koa-compose/index.js:43:18)
[2017-08-21 12:29:56.301] [ERROR] error - TypeError: Cannot read property 'b' of undefined
    at router.get (/Users/yeliex/Projects/companyProjects/arsenic/example/router/user.js:10:28)
    at dispatch (/Users/yeliex/Projects/companyProjects/arsenic/node_modules/koa-router/node_modules/koa-compose/index.js:44:32)
    at next (/Users/yeliex/Projects/companyProjects/arsenic/node_modules/koa-router/node_modules/koa-compose/index.js:45:18)
    at /Users/yeliex/Projects/companyProjects/arsenic/node_modules/koa-router/lib/router.js:345:16
    at dispatch (/Users/yeliex/Projects/companyProjects/arsenic/node_modules/koa-router/node_modules/koa-compose/index.js:44:32)
    at /Users/yeliex/Projects/companyProjects/arsenic/node_modules/koa-router/node_modules/koa-compose/index.js:36:12
    at dispatch (/Users/yeliex/Projects/companyProjects/arsenic/node_modules/koa-router/lib/router.js:350:31)
    at /Users/yeliex/Projects/companyProjects/arsenic/node_modules/koa-mount/index.js:58:11
    at dispatch (/Users/yeliex/Projects/companyProjects/arsenic/node_modules/koa-compose/index.js:42:32)
    at next (/Users/yeliex/Projects/companyProjects/arsenic/node_modules/koa-compose/index.js:43:18)
    at middleware (/Users/yeliex/Projects/companyProjects/arsenic/src/plugins/controller/index.js:59:11)
    at dispatch (/Users/yeliex/Projects/companyProjects/arsenic/node_modules/koa-compose/index.js:42:32)
    at next (/Users/yeliex/Projects/companyProjects/arsenic/node_modules/koa-compose/index.js:43:18)
    at middleware (/Users/yeliex/Projects/companyProjects/arsenic/src/plugins/service/index.js:46:11)
    at dispatch (/Users/yeliex/Projects/companyProjects/arsenic/node_modules/koa-compose/index.js:42:32)
    at next (/Users/yeliex/Projects/companyProjects/arsenic/node_modules/koa-compose/index.js:43:18)
[2017-08-21 12:40:23.026] [ERROR] error - TypeError: Cannot read property 'promise' of undefined
    at User.b (/Users/yeliex/Projects/companyProjects/arsenic/example/controller/user/index.js:11:24)
    at router.get (/Users/yeliex/Projects/companyProjects/arsenic/example/router/user.js:10:29)
    at dispatch (/Users/yeliex/Projects/companyProjects/arsenic/node_modules/koa-router/node_modules/koa-compose/index.js:44:32)
    at next (/Users/yeliex/Projects/companyProjects/arsenic/node_modules/koa-router/node_modules/koa-compose/index.js:45:18)
    at /Users/yeliex/Projects/companyProjects/arsenic/node_modules/koa-router/lib/router.js:345:16
    at dispatch (/Users/yeliex/Projects/companyProjects/arsenic/node_modules/koa-router/node_modules/koa-compose/index.js:44:32)
    at /Users/yeliex/Projects/companyProjects/arsenic/node_modules/koa-router/node_modules/koa-compose/index.js:36:12
    at dispatch (/Users/yeliex/Projects/companyProjects/arsenic/node_modules/koa-router/lib/router.js:350:31)
    at /Users/yeliex/Projects/companyProjects/arsenic/node_modules/koa-mount/index.js:58:11
    at dispatch (/Users/yeliex/Projects/companyProjects/arsenic/node_modules/koa-compose/index.js:42:32)
    at next (/Users/yeliex/Projects/companyProjects/arsenic/node_modules/koa-compose/index.js:43:18)
    at middleware (/Users/yeliex/Projects/companyProjects/arsenic/src/plugins/controller/index.js:66:11)
    at dispatch (/Users/yeliex/Projects/companyProjects/arsenic/node_modules/koa-compose/index.js:42:32)
    at next (/Users/yeliex/Projects/companyProjects/arsenic/node_modules/koa-compose/index.js:43:18)
    at middleware (/Users/yeliex/Projects/companyProjects/arsenic/src/plugins/service/index.js:46:11)
    at dispatch (/Users/yeliex/Projects/companyProjects/arsenic/node_modules/koa-compose/index.js:42:32)
